
> firebase-todo-app@0.0.0 lint
> eslint src --ext js,jsx --report-unused-disable-directives --max-warnings 0


/home/runner/work/firebase-todo-app/firebase-todo-app/src/App.jsx
  1:8  error  'React' is defined but never used  no-unused-vars

/home/runner/work/firebase-todo-app/firebase-todo-app/src/components/ProtectedRoute.jsx
  1:8  error  'React' is defined but never used  no-unused-vars

/home/runner/work/firebase-todo-app/firebase-todo-app/src/components/TodoList.jsx
   1:8  error    'React' is defined but never used                                                                               no-unused-vars
  68:6  warning  React Hook useEffect has a missing dependency: 'currentUser'. Either include it or remove the dependency array  react-hooks/exhaustive-deps

/home/runner/work/firebase-todo-app/firebase-todo-app/src/components/TodoStats.jsx
    1:8  error    'React' is defined but never used                                                                               no-unused-vars
  118:6  warning  React Hook useEffect has a missing dependency: 'currentUser'. Either include it or remove the dependency array  react-hooks/exhaustive-deps

/home/runner/work/firebase-todo-app/firebase-todo-app/src/components/UserProfile.jsx
  54:6  warning  React Hook useEffect has a missing dependency: 'currentUser'. Either include it or remove the dependency array  react-hooks/exhaustive-deps

/home/runner/work/firebase-todo-app/firebase-todo-app/src/components/__tests__/import-test.test.jsx
  1:8  error  'React' is defined but never used  no-unused-vars

/home/runner/work/firebase-todo-app/firebase-todo-app/src/components/__tests__/minimal.test.jsx
  1:8  error  'React' is defined but never used  no-unused-vars

/home/runner/work/firebase-todo-app/firebase-todo-app/src/contexts/AuthContext.jsx
    1:8   error    'React' is defined but never used                                                                                               no-unused-vars
    5:17  warning  Fast refresh only works when a file only exports components. Use a new file to share constants or functions between components  react-refresh/only-export-components
   14:5   error    Unnecessary try/catch wrapper                                                                                                   no-useless-catch
   63:5   error    Unnecessary try/catch wrapper                                                                                                   no-useless-catch
  133:51  error    Empty block statement                                                                                                           no-empty

/home/runner/work/firebase-todo-app/firebase-todo-app/src/contexts/__tests__/AuthContext.test.jsx
    1:8   error  'React' is defined but never used                  no-unused-vars
  281:11  error  'authCallback' is assigned a value but never used  no-unused-vars
  307:11  error  'authCallback' is assigned a value but never used  no-unused-vars
  335:11  error  'authCallback' is assigned a value but never used  no-unused-vars
  360:11  error  'authCallback' is assigned a value but never used  no-unused-vars
  418:11  error  'authCallback' is assigned a value but never used  no-unused-vars

/home/runner/work/firebase-todo-app/firebase-todo-app/src/pages/Login.jsx
    1:8   error  'React' is defined but never used                                no-unused-vars
   13:11  error  'login' is assigned a value but never used                       no-unused-vars
   13:18  error  'loginWithGoogle' is assigned a value but never used             no-unused-vars
  193:21  error  `'` can be escaped with `&apos;`, `&lsquo;`, `&#39;`, `&rsquo;`  react/no-unescaped-entities

/home/runner/work/firebase-todo-app/firebase-todo-app/src/pages/Register.jsx
   1:8   error  'React' is defined but never used                     no-unused-vars
  15:11  error  'signup' is assigned a value but never used           no-unused-vars
  15:19  error  'loginWithGoogle' is assigned a value but never used  no-unused-vars

/home/runner/work/firebase-todo-app/firebase-todo-app/src/pages/__tests__/Login.test.jsx
   7:7   error  'mockGoogleAuthProvider' is assigned a value but never used  no-unused-vars
  93:14  error  'mockLogin' is not defined                                   no-undef
  97:7   error  'mockLogin' is not defined                                   no-undef

/home/runner/work/firebase-todo-app/firebase-todo-app/src/pages/__tests__/Register.test.jsx
  1:8  error  'React' is defined but never used                            no-unused-vars
  8:7  error  'mockGoogleAuthProvider' is assigned a value but never used  no-unused-vars

✖ 32 problems (28 errors, 4 warnings)

